C51 COMPILER V9.59.0.0   BLINK                                                             11/30/2018 11:17:26 PAGE 1   


C51 COMPILER V9.59.0.0, COMPILATION OF MODULE BLINK
OBJECT MODULE PLACED IN .\Objects\Blink.obj
COMPILER INVOKED BY: C:\Keil_v5\C51\BIN\C51.EXE ..\Blink.c OPTIMIZE(8,SPEED) BROWSE DEBUG OBJECTEXTEND PRINT(.\Listings\
                    -Blink.lst) TABS(2) OBJECT(.\Objects\Blink.obj)

line level    source

   1          #include <reg51.h>
   2          void delay(int d)
   3          {
   4   1      unsigned int i;
   5   1      for(;d>0;d--)
   6   1      {
   7   2      for(i=1000;i>0;i--);
   8   2      }
   9   1      }
  10          void main(void)
  11          {
  12   1      P1=0x00;
  13   1      while(1)
  14   1      {
  15   2      P1=0x01;
  16   2      delay(500);
  17   2      P1=0x00;
  18   2      delay(500);
  19   2      }
  20   1      }


MODULE INFORMATION:   STATIC OVERLAYABLE
   CODE SIZE        =     57    ----
   CONSTANT SIZE    =   ----    ----
   XDATA SIZE       =   ----    ----
   PDATA SIZE       =   ----    ----
   DATA SIZE        =   ----    ----
   IDATA SIZE       =   ----    ----
   BIT SIZE         =   ----    ----
END OF MODULE INFORMATION.


C51 COMPILATION COMPLETE.  0 WARNING(S),  0 ERROR(S)
